{
  "numTotalTestSuites": 689,
  "numPassedTestSuites": 682,
  "numFailedTestSuites": 7,
  "numPendingTestSuites": 0,
  "numTotalTests": 1630,
  "numPassedTests": 1601,
  "numFailedTests": 4,
  "numPendingTests": 25,
  "numTodoTests": 0,
  "snapshot": {
    "added": 0,
    "failure": false,
    "filesAdded": 0,
    "filesRemoved": 0,
    "filesRemovedList": [],
    "filesUnmatched": 0,
    "filesUpdated": 0,
    "matched": 0,
    "total": 0,
    "unchecked": 0,
    "uncheckedKeysByFile": [],
    "unmatched": 0,
    "updated": 0,
    "didUpdate": false
  },
  "startTime": 1772124274306,
  "success": false,
  "testResults": [
    {
      "assertionResults": [
        {
          "ancestorTitles": ["DataValidator", "validate()"],
          "fullName": "DataValidator validate() should validate correct normalized data successfully",
          "status": "passed",
          "title": "should validate correct normalized data successfully",
          "duration": 6.259250000000009,
          "failureMessages": [],
          "meta": {}
        },
        {
          "ancestorTitles": ["DataValidator", "validate()"],
          "fullName": "DataValidator validate() should reject data with missing required fields",
          "status": "passed",
          "title": "should reject data with missing required fields",
          "duration": 0.7538340000000403,
          "failureMessages": [],
          "meta": {}
        },
        {
          "ancestorTitles": ["DataValidator", "validate()"],
          "fullName": "DataValidator validate() should reject data with invalid data types",
          "status": "passed",
          "title": "should reject data with invalid data types",
          "duration": 0.41550000000000864,
          "failureMessages": [],
          "meta": {}
        },
        {
          "ancestorTitles": ["DataValidator", "validate()"],
          "fullName": "DataValidator validate() should validate district count matches actual districts",
          "status": "passed",
          "title": "should validate district count matches actual districts",
          "duration": 0.37920800000000554,
          "failureMessages": [],
          "meta": {}
        },
        {
          "ancestorTitles": ["DataValidator", "validate()"],
          "fullName": "DataValidator validate() should detect duplicate district IDs",
          "status": "passed",
          "title": "should detect duplicate district IDs",
          "duration": 0.27899999999999636,
          "failureMessages": [],
          "meta": {}
        },
        {
          "ancestorTitles": ["DataValidator", "validate()"],
          "fullName": "DataValidator validate() should accept historical data without freshness warnings",
          "status": "passed",
          "title": "should accept historical data without freshness warnings",
          "duration": 0.17775000000000318,
          "failureMessages": [],
          "meta": {}
        },
        {
          "ancestorTitles": ["DataValidator", "validate()"],
          "fullName": "DataValidator validate() should warn about long processing duration",
          "status": "passed",
          "title": "should warn about long processing duration",
          "duration": 0.14954099999999926,
          "failureMessages": [],
          "meta": {}
        },
        {
          "ancestorTitles": ["DataValidator", "validate()"],
          "fullName": "DataValidator validate() should handle validation errors gracefully",
          "status": "passed",
          "title": "should handle validation errors gracefully",
          "duration": 0.2213329999999587,
          "failureMessages": [],
          "meta": {}
        },
        {
          "ancestorTitles": ["DataValidator", "validatePartial()"],
          "fullName": "DataValidator validatePartial() should validate partial district statistics",
          "status": "passed",
          "title": "should validate partial district statistics",
          "duration": 0.2525410000000079,
          "failureMessages": [],
          "meta": {}
        },
        {
          "ancestorTitles": ["DataValidator", "validatePartial()"],
          "fullName": "DataValidator validatePartial() should reject invalid partial data",
          "status": "passed",
          "title": "should reject invalid partial data",
          "duration": 0.17762500000003456,
          "failureMessages": [],
          "meta": {}
        },
        {
          "ancestorTitles": ["DataValidator", "validatePartial()"],
          "fullName": "DataValidator validatePartial() should handle unknown schema names",
          "status": "passed",
          "title": "should handle unknown schema names",
          "duration": 0.10908400000005258,
          "failureMessages": [],
          "meta": {}
        },
        {
          "ancestorTitles": ["DataValidator", "getValidatorVersion()"],
          "fullName": "DataValidator getValidatorVersion() should return the current validator version",
          "status": "passed",
          "title": "should return the current validator version",
          "duration": 0.04504200000002356,
          "failureMessages": [],
          "meta": {}
        },
        {
          "ancestorTitles": ["DataValidator", "business rule validations"],
          "fullName": "DataValidator business rule validations should warn when membership total does not match sum of club memberships",
          "status": "passed",
          "title": "should warn when membership total does not match sum of club memberships",
          "duration": 0.18941599999999426,
          "failureMessages": [],
          "meta": {}
        },
        {
          "ancestorTitles": ["DataValidator", "business rule validations"],
          "fullName": "DataValidator business rule validations should error when district has membership but no clubs",
          "status": "passed",
          "title": "should error when district has membership but no clubs",
          "duration": 0.1935839999999871,
          "failureMessages": [],
          "meta": {}
        }
      ],
      "startTime": 1772124282969,
      "endTime": 1772124282978.2524,
      "status": "passed",
      "message": "",
      "name": "/Users/rservant/code/toast-stats/backend/src/__tests__/DataValidator.test.ts"
    },
    {
      "assertionResults": [
        {
          "ancestorTitles": [
            "DistrictSnapshotIndexService",
            "getDatesForDistrict"
          ],
          "fullName": "DistrictSnapshotIndexService getDatesForDistrict returns sorted dates when index contains the district",
          "status": "passed",
          "title": "returns sorted dates when index contains the district",
          "duration": 4.162499999999994,
          "failureMessages": [],
          "meta": {}
        },
        {
          "ancestorTitles": [
            "DistrictSnapshotIndexService",
            "getDatesForDistrict"
          ],
          "fullName": "DistrictSnapshotIndexService getDatesForDistrict returns empty array when district is not in the index",
          "status": "passed",
          "title": "returns empty array when district is not in the index",
          "duration": 0.23025000000001228,
          "failureMessages": [],
          "meta": {}
        },
        {
          "ancestorTitles": [
            "DistrictSnapshotIndexService",
            "getDatesForDistrict"
          ],
          "fullName": "DistrictSnapshotIndexService getDatesForDistrict returns null when index is missing (reader returns null)",
          "status": "passed",
          "title": "returns null when index is missing (reader returns null)",
          "duration": 0.28104200000001356,
          "failureMessages": [],
          "meta": {}
        },
        {
          "ancestorTitles": [
            "DistrictSnapshotIndexService",
            "getDatesForDistrict"
          ],
          "fullName": "DistrictSnapshotIndexService getDatesForDistrict returns null when reader throws an error",
          "status": "passed",
          "title": "returns null when reader throws an error",
          "duration": 0.4114590000000078,
          "failureMessages": [],
          "meta": {}
        },
        {
          "ancestorTitles": ["DistrictSnapshotIndexService", "caching"],
          "fullName": "DistrictSnapshotIndexService caching caches the index and does not re-read within TTL",
          "status": "passed",
          "title": "caches the index and does not re-read within TTL",
          "duration": 0.24849999999997863,
          "failureMessages": [],
          "meta": {}
        },
        {
          "ancestorTitles": ["DistrictSnapshotIndexService", "caching"],
          "fullName": "DistrictSnapshotIndexService caching re-reads the index after TTL expires",
          "status": "passed",
          "title": "re-reads the index after TTL expires",
          "duration": 21.705874999999992,
          "failureMessages": [],
          "meta": {}
        },
        {
          "ancestorTitles": ["DistrictSnapshotIndexService", "caching"],
          "fullName": "DistrictSnapshotIndexService caching does not cache null responses (retries on next call)",
          "status": "passed",
          "title": "does not cache null responses (retries on next call)",
          "duration": 0.34312499999998636,
          "failureMessages": [],
          "meta": {}
        },
        {
          "ancestorTitles": [
            "DistrictSnapshotIndexService",
            "index validation"
          ],
          "fullName": "DistrictSnapshotIndexService index validation returns null for index missing districts field",
          "status": "passed",
          "title": "returns null for index missing districts field",
          "duration": 0.13816600000001245,
          "failureMessages": [],
          "meta": {}
        },
        {
          "ancestorTitles": [
            "DistrictSnapshotIndexService",
            "index validation"
          ],
          "fullName": "DistrictSnapshotIndexService index validation returns null for index with non-object districts",
          "status": "passed",
          "title": "returns null for index with non-object districts",
          "duration": 0.11441600000000562,
          "failureMessages": [],
          "meta": {}
        }
      ],
      "startTime": 1772124282120,
      "endTime": 1772124282148.343,
      "status": "passed",
      "message": "",
      "name": "/Users/rservant/code/toast-stats/backend/src/__tests__/DistrictSnapshotIndexService.test.ts"
    },
    {
      "assertionResults": [
        {
          "ancestorTitles": ["Property 10: SnapshotBuilder Isolation"],
          "fullName": "Property 10: SnapshotBuilder Isolation should only use cache read operations and never perform scraping",
          "status": "passed",
          "title": "should only use cache read operations and never perform scraping",
          "duration": 61.93654199999992,
          "failureMessages": [],
          "meta": {}
        },
        {
          "ancestorTitles": ["Property 10: SnapshotBuilder Isolation"],
          "fullName": "Property 10: SnapshotBuilder Isolation should read from cache without invoking any external services",
          "status": "passed",
          "title": "should read from cache without invoking any external services",
          "duration": 55.63891699999999,
          "failureMessages": [],
          "meta": {}
        },
        {
          "ancestorTitles": ["Property 10: SnapshotBuilder Isolation"],
          "fullName": "Property 10: SnapshotBuilder Isolation should not have any dependencies on browser automation or network libraries",
          "status": "passed",
          "title": "should not have any dependencies on browser automation or network libraries",
          "duration": 4.530124999999998,
          "failureMessages": [],
          "meta": {}
        },
        {
          "ancestorTitles": ["Property 12: Partial Snapshot Creation"],
          "fullName": "Property 12: Partial Snapshot Creation should create partial snapshot when some districts are missing from cache",
          "status": "failed",
          "title": "should create partial snapshot when some districts are missing from cache",
          "duration": 13.220333000000096,
          "failureMessages": [
            "Error: Property failed after 1 tests\n{ seed: -1006569184, path: \"0:0:0:0:0:0\", endOnFailure: true }\nCounterexample: [{\"year\":2020,\"month\":1,\"day\":1,\"totalDistrictCount\":2,\"cachedDistrictCount\":1,\"districtSeed\":1}]\nShrunk 5 time(s)\n\nHint: Enable verbose mode in order to have the list of all failing values encountered during the run\n    at buildError (file:///Users/rservant/code/toast-stats/node_modules/fast-check/lib/check/runner/utils/RunDetailsFormatter.js:156:19)\n    at asyncThrowIfFailed (file:///Users/rservant/code/toast-stats/node_modules/fast-check/lib/check/runner/utils/RunDetailsFormatter.js:170:11)\n    at processTicksAndRejections (node:internal/process/task_queues:103:5)"
          ],
          "meta": {}
        },
        {
          "ancestorTitles": ["Property 12: Partial Snapshot Creation"],
          "fullName": "Property 12: Partial Snapshot Creation should correctly identify cached vs missing districts",
          "status": "failed",
          "title": "should correctly identify cached vs missing districts",
          "duration": 7.698582999999985,
          "failureMessages": [
            "Error: Property failed after 1 tests\n{ seed: -1069596232, path: \"0:0:0:0:0:0\", endOnFailure: true }\nCounterexample: [{\"dateOffset\":0,\"cachedDistrictIds\":[1],\"missingDistrictIds\":[100]}]\nShrunk 5 time(s)\n\nHint: Enable verbose mode in order to have the list of all failing values encountered during the run\n    at buildError (file:///Users/rservant/code/toast-stats/node_modules/fast-check/lib/check/runner/utils/RunDetailsFormatter.js:156:19)\n    at asyncThrowIfFailed (file:///Users/rservant/code/toast-stats/node_modules/fast-check/lib/check/runner/utils/RunDetailsFormatter.js:170:11)\n    at processTicksAndRejections (node:internal/process/task_queues:103:5)"
          ],
          "meta": {}
        },
        {
          "ancestorTitles": ["Property 12: Partial Snapshot Creation"],
          "fullName": "Property 12: Partial Snapshot Creation should record missing districts in snapshot metadata",
          "status": "failed",
          "title": "should record missing districts in snapshot metadata",
          "duration": 12.903208000000063,
          "failureMessages": [
            "Error: Property failed after 1 tests\n{ seed: -90437352, path: \"0:0:0:0:0:0:0\", endOnFailure: true }\nCounterexample: [{\"year\":2020,\"month\":1,\"day\":1,\"cachedCount\":1,\"missingCount\":1}]\nShrunk 6 time(s)\n\nHint: Enable verbose mode in order to have the list of all failing values encountered during the run\n    at buildError (file:///Users/rservant/code/toast-stats/node_modules/fast-check/lib/check/runner/utils/RunDetailsFormatter.js:156:19)\n    at asyncThrowIfFailed (file:///Users/rservant/code/toast-stats/node_modules/fast-check/lib/check/runner/utils/RunDetailsFormatter.js:170:11)\n    at processTicksAndRejections (node:internal/process/task_queues:103:5)"
          ],
          "meta": {}
        },
        {
          "ancestorTitles": ["Property 16: Cache Integrity Validation"],
          "fullName": "Property 16: Cache Integrity Validation should validate file checksums and skip corrupted files",
          "status": "passed",
          "title": "should validate file checksums and skip corrupted files",
          "duration": 41.75566700000002,
          "failureMessages": [],
          "meta": {}
        },
        {
          "ancestorTitles": ["Property 16: Cache Integrity Validation"],
          "fullName": "Property 16: Cache Integrity Validation should handle missing checksums in metadata gracefully",
          "status": "passed",
          "title": "should handle missing checksums in metadata gracefully",
          "duration": 42.18504200000007,
          "failureMessages": [],
          "meta": {}
        },
        {
          "ancestorTitles": ["Property 16: Cache Integrity Validation"],
          "fullName": "Property 16: Cache Integrity Validation should correctly calculate checksums for any content",
          "status": "passed",
          "title": "should correctly calculate checksums for any content",
          "duration": 44.296291999999994,
          "failureMessages": [],
          "meta": {}
        }
      ],
      "startTime": 1772124275004,
      "endTime": 1772124275288.2964,
      "status": "failed",
      "message": "",
      "name": "/Users/rservant/code/toast-stats/backend/src/__tests__/SnapshotBuilder.property.test.ts"
    },
    {
      "assertionResults": [
        {
          "ancestorTitles": ["Concurrent Test Execution Safety"],
          "fullName": "Concurrent Test Execution Safety should prevent resource conflicts when 4 tests run concurrently with 5 operations each",
          "status": "passed",
          "title": "should prevent resource conflicts when 4 tests run concurrently with 5 operations each",
          "duration": 20.690083000000016,
          "failureMessages": [],
          "meta": {}
        },
        {
          "ancestorTitles": ["Concurrent Test Execution Safety"],
          "fullName": "Concurrent Test Execution Safety should handle concurrent directory creation at multiple depths",
          "status": "passed",
          "title": "should handle concurrent directory creation at multiple depths",
          "duration": 32.75591700000001,
          "failureMessages": [],
          "meta": {}
        },
        {
          "ancestorTitles": ["Concurrent Test Execution Safety"],
          "fullName": "Concurrent Test Execution Safety should prevent race conditions in service initialization with 4 concurrent services",
          "status": "passed",
          "title": "should prevent race conditions in service initialization with 4 concurrent services",
          "duration": 9.282125000000008,
          "failureMessages": [],
          "meta": {}
        },
        {
          "ancestorTitles": ["Concurrent Test Execution Safety"],
          "fullName": "Concurrent Test Execution Safety should handle minimum concurrency of 2 services",
          "status": "passed",
          "title": "should handle minimum concurrency of 2 services",
          "duration": 14.335041999999987,
          "failureMessages": [],
          "meta": {}
        }
      ],
      "startTime": 1772124281096,
      "endTime": 1772124281173.335,
      "status": "passed",
      "message": "",
      "name": "/Users/rservant/code/toast-stats/backend/src/__tests__/concurrent-execution-safety.test.ts"
    },
    {
      "assertionResults": [
        {
          "ancestorTitles": [
            "Districts API Integration Tests",
            "GET /api/districts"
          ],
          "fullName": "Districts API Integration Tests GET /api/districts should return 503 when no snapshot is available",
          "status": "passed",
          "title": "should return 503 when no snapshot is available",
          "duration": 37.26558299999999,
          "failureMessages": [],
          "meta": {}
        },
        {
          "ancestorTitles": [
            "Districts API Integration Tests",
            "GET /api/districts/:districtId/statistics"
          ],
          "fullName": "Districts API Integration Tests GET /api/districts/:districtId/statistics should return 400 for invalid district ID format",
          "status": "passed",
          "title": "should return 400 for invalid district ID format",
          "duration": 6.881333000000041,
          "failureMessages": [],
          "meta": {}
        },
        {
          "ancestorTitles": [
            "Districts API Integration Tests",
            "GET /api/districts/:districtId/statistics"
          ],
          "fullName": "Districts API Integration Tests GET /api/districts/:districtId/statistics should return 503 when no snapshot is available",
          "status": "passed",
          "title": "should return 503 when no snapshot is available",
          "duration": 17.390416999999957,
          "failureMessages": [],
          "meta": {}
        },
        {
          "ancestorTitles": [
            "Districts API Integration Tests",
            "GET /api/districts/:districtId/membership-history"
          ],
          "fullName": "Districts API Integration Tests GET /api/districts/:districtId/membership-history should return 400 for invalid district ID format",
          "status": "passed",
          "title": "should return 400 for invalid district ID format",
          "duration": 3.852041999999983,
          "failureMessages": [],
          "meta": {}
        },
        {
          "ancestorTitles": [
            "Districts API Integration Tests",
            "GET /api/districts/:districtId/membership-history"
          ],
          "fullName": "Districts API Integration Tests GET /api/districts/:districtId/membership-history should return 400 for invalid months parameter",
          "status": "passed",
          "title": "should return 400 for invalid months parameter",
          "duration": 4.303875000000062,
          "failureMessages": [],
          "meta": {}
        },
        {
          "ancestorTitles": [
            "Districts API Integration Tests",
            "GET /api/districts/:districtId/membership-history"
          ],
          "fullName": "Districts API Integration Tests GET /api/districts/:districtId/membership-history should return 400 for months parameter out of range",
          "status": "passed",
          "title": "should return 400 for months parameter out of range",
          "duration": 2.3158750000000055,
          "failureMessages": [],
          "meta": {}
        },
        {
          "ancestorTitles": [
            "Districts API Integration Tests",
            "GET /api/districts/:districtId/membership-history"
          ],
          "fullName": "Districts API Integration Tests GET /api/districts/:districtId/membership-history should return 503 when no snapshot is available",
          "status": "passed",
          "title": "should return 503 when no snapshot is available",
          "duration": 2.8974170000000186,
          "failureMessages": [],
          "meta": {}
        },
        {
          "ancestorTitles": [
            "Districts API Integration Tests",
            "GET /api/districts/:districtId/clubs"
          ],
          "fullName": "Districts API Integration Tests GET /api/districts/:districtId/clubs should return 400 for invalid district ID format",
          "status": "passed",
          "title": "should return 400 for invalid district ID format",
          "duration": 2.772792000000095,
          "failureMessages": [],
          "meta": {}
        },
        {
          "ancestorTitles": [
            "Districts API Integration Tests",
            "GET /api/districts/:districtId/clubs"
          ],
          "fullName": "Districts API Integration Tests GET /api/districts/:districtId/clubs should return 503 when no snapshot is available",
          "status": "passed",
          "title": "should return 503 when no snapshot is available",
          "duration": 3.10024999999996,
          "failureMessages": [],
          "meta": {}
        },
        {
          "ancestorTitles": [
            "Districts API Integration Tests",
            "GET /api/districts/:districtId/daily-reports"
          ],
          "fullName": "Districts API Integration Tests GET /api/districts/:districtId/daily-reports should return 400 when date parameters are missing",
          "status": "passed",
          "title": "should return 400 when date parameters are missing",
          "duration": 3.753708999999958,
          "failureMessages": [],
          "meta": {}
        },
        {
          "ancestorTitles": [
            "Districts API Integration Tests",
            "GET /api/districts/:districtId/daily-reports"
          ],
          "fullName": "Districts API Integration Tests GET /api/districts/:districtId/daily-reports should return 400 for invalid date format",
          "status": "passed",
          "title": "should return 400 for invalid date format",
          "duration": 3.705208999999968,
          "failureMessages": [],
          "meta": {}
        },
        {
          "ancestorTitles": [
            "Districts API Integration Tests",
            "GET /api/districts/:districtId/daily-reports"
          ],
          "fullName": "Districts API Integration Tests GET /api/districts/:districtId/daily-reports should return 400 when startDate is after endDate",
          "status": "passed",
          "title": "should return 400 when startDate is after endDate",
          "duration": 2.5497500000000173,
          "failureMessages": [],
          "meta": {}
        },
        {
          "ancestorTitles": [
            "Districts API Integration Tests",
            "GET /api/districts/:districtId/daily-reports"
          ],
          "fullName": "Districts API Integration Tests GET /api/districts/:districtId/daily-reports should return 400 when date range exceeds 90 days",
          "status": "passed",
          "title": "should return 400 when date range exceeds 90 days",
          "duration": 3.306874999999991,
          "failureMessages": [],
          "meta": {}
        },
        {
          "ancestorTitles": [
            "Districts API Integration Tests",
            "GET /api/districts/:districtId/daily-reports"
          ],
          "fullName": "Districts API Integration Tests GET /api/districts/:districtId/daily-reports should return 503 when no snapshot is available",
          "status": "passed",
          "title": "should return 503 when no snapshot is available",
          "duration": 2.735084000000029,
          "failureMessages": [],
          "meta": {}
        },
        {
          "ancestorTitles": [
            "Districts API Integration Tests",
            "GET /api/districts/:districtId/daily-reports/:date"
          ],
          "fullName": "Districts API Integration Tests GET /api/districts/:districtId/daily-reports/:date should return 400 for invalid date format",
          "status": "passed",
          "title": "should return 400 for invalid date format",
          "duration": 3.2975000000000136,
          "failureMessages": [],
          "meta": {}
        },
        {
          "ancestorTitles": [
            "Districts API Integration Tests",
            "GET /api/districts/:districtId/daily-reports/:date"
          ],
          "fullName": "Districts API Integration Tests GET /api/districts/:districtId/daily-reports/:date should return 400 for future date",
          "status": "passed",
          "title": "should return 400 for future date",
          "duration": 5.821083000000044,
          "failureMessages": [],
          "meta": {}
        },
        {
          "ancestorTitles": [
            "Districts API Integration Tests",
            "GET /api/districts/:districtId/daily-reports/:date"
          ],
          "fullName": "Districts API Integration Tests GET /api/districts/:districtId/daily-reports/:date should return 503 when no snapshot is available",
          "status": "passed",
          "title": "should return 503 when no snapshot is available",
          "duration": 3.012917000000016,
          "failureMessages": [],
          "meta": {}
        },
        {
          "ancestorTitles": [
            "Districts API Integration Tests",
            "GET /api/districts/:districtId/educational-awards"
          ],
          "fullName": "Districts API Integration Tests GET /api/districts/:districtId/educational-awards should return 400 for invalid district ID format",
          "status": "passed",
          "title": "should return 400 for invalid district ID format",
          "duration": 3.4268749999999955,
          "failureMessages": [],
          "meta": {}
        },
        {
          "ancestorTitles": [
            "Districts API Integration Tests",
            "GET /api/districts/:districtId/educational-awards"
          ],
          "fullName": "Districts API Integration Tests GET /api/districts/:districtId/educational-awards should return 400 for invalid months parameter",
          "status": "passed",
          "title": "should return 400 for invalid months parameter",
          "duration": 2.769290999999953,
          "failureMessages": [],
          "meta": {}
        },
        {
          "ancestorTitles": [
            "Districts API Integration Tests",
            "GET /api/districts/:districtId/educational-awards"
          ],
          "fullName": "Districts API Integration Tests GET /api/districts/:districtId/educational-awards should return 503 when no snapshot is available",
          "status": "passed",
          "title": "should return 503 when no snapshot is available",
          "duration": 2.4190419999999904,
          "failureMessages": [],
          "meta": {}
        },
        {
          "ancestorTitles": [
            "Districts API Integration Tests",
            "GET /api/districts/:districtId/rank-history"
          ],
          "fullName": "Districts API Integration Tests GET /api/districts/:districtId/rank-history should return 400 for invalid district ID format",
          "status": "passed",
          "title": "should return 400 for invalid district ID format",
          "duration": 2.771959000000038,
          "failureMessages": [],
          "meta": {}
        },
        {
          "ancestorTitles": [
            "Districts API Integration Tests",
            "GET /api/districts/:districtId/rank-history"
          ],
          "fullName": "Districts API Integration Tests GET /api/districts/:districtId/rank-history should return 503 when no snapshot is available",
          "status": "passed",
          "title": "should return 503 when no snapshot is available",
          "duration": 2.824709000000098,
          "failureMessages": [],
          "meta": {}
        },
        {
          "ancestorTitles": [
            "Districts API Integration Tests",
            "District-Level Data Endpoints",
            "GET /api/districts/:districtId/cached-dates"
          ],
          "fullName": "Districts API Integration Tests District-Level Data Endpoints GET /api/districts/:districtId/cached-dates should return 400 for invalid district ID format",
          "status": "passed",
          "title": "should return 400 for invalid district ID format",
          "duration": 2.996958999999947,
          "failureMessages": [],
          "meta": {}
        },
        {
          "ancestorTitles": [
            "Districts API Integration Tests",
            "District-Level Data Endpoints",
            "GET /api/districts/:districtId/cached-dates"
          ],
          "fullName": "Districts API Integration Tests District-Level Data Endpoints GET /api/districts/:districtId/cached-dates should return empty array when no cached dates exist",
          "status": "passed",
          "title": "should return empty array when no cached dates exist",
          "duration": 3.2728329999999914,
          "failureMessages": [],
          "meta": {}
        },
        {
          "ancestorTitles": [
            "Districts API Integration Tests",
            "District-Level Data Endpoints",
            "POST /api/districts/:districtId/backfill"
          ],
          "fullName": "Districts API Integration Tests District-Level Data Endpoints POST /api/districts/:districtId/backfill should return 400 for invalid district ID format",
          "status": "passed",
          "title": "should return 400 for invalid district ID format",
          "duration": 14.90416700000003,
          "failureMessages": [],
          "meta": {}
        },
        {
          "ancestorTitles": [
            "Districts API Integration Tests",
            "District-Level Data Endpoints",
            "POST /api/districts/:districtId/backfill"
          ],
          "fullName": "Districts API Integration Tests District-Level Data Endpoints POST /api/districts/:districtId/backfill should return 400 for invalid startDate format",
          "status": "passed",
          "title": "should return 400 for invalid startDate format",
          "duration": 2.7128340000000435,
          "failureMessages": [],
          "meta": {}
        },
        {
          "ancestorTitles": [
            "Districts API Integration Tests",
            "District-Level Data Endpoints",
            "POST /api/districts/:districtId/backfill"
          ],
          "fullName": "Districts API Integration Tests District-Level Data Endpoints POST /api/districts/:districtId/backfill should return 400 for invalid endDate format",
          "status": "passed",
          "title": "should return 400 for invalid endDate format",
          "duration": 4.025125000000003,
          "failureMessages": [],
          "meta": {}
        },
        {
          "ancestorTitles": [
            "Districts API Integration Tests",
            "District-Level Data Endpoints",
            "POST /api/districts/:districtId/backfill"
          ],
          "fullName": "Districts API Integration Tests District-Level Data Endpoints POST /api/districts/:districtId/backfill should return 400 when startDate is after endDate",
          "status": "passed",
          "title": "should return 400 when startDate is after endDate",
          "duration": 3.102374999999938,
          "failureMessages": [],
          "meta": {}
        },
        {
          "ancestorTitles": [
            "Districts API Integration Tests",
            "District-Level Data Endpoints",
            "POST /api/districts/:districtId/backfill"
          ],
          "fullName": "Districts API Integration Tests District-Level Data Endpoints POST /api/districts/:districtId/backfill should return 400 when date range exceeds 365 days",
          "status": "passed",
          "title": "should return 400 when date range exceeds 365 days",
          "duration": 2.183416999999963,
          "failureMessages": [],
          "meta": {}
        },
        {
          "ancestorTitles": [
            "Districts API Integration Tests",
            "District-Level Data Endpoints",
            "GET /api/districts/:districtId/backfill/:backfillId"
          ],
          "fullName": "Districts API Integration Tests District-Level Data Endpoints GET /api/districts/:districtId/backfill/:backfillId should return 400 for invalid district ID format",
          "status": "passed",
          "title": "should return 400 for invalid district ID format",
          "duration": 1.9921659999999974,
          "failureMessages": [],
          "meta": {}
        },
        {
          "ancestorTitles": [
            "Districts API Integration Tests",
            "District-Level Data Endpoints",
            "GET /api/districts/:districtId/backfill/:backfillId"
          ],
          "fullName": "Districts API Integration Tests District-Level Data Endpoints GET /api/districts/:districtId/backfill/:backfillId should return 404 for non-existent backfill job",
          "status": "passed",
          "title": "should return 404 for non-existent backfill job",
          "duration": 4.688334000000054,
          "failureMessages": [],
          "meta": {}
        },
        {
          "ancestorTitles": [
            "Districts API Integration Tests",
            "District-Level Data Endpoints",
            "DELETE /api/districts/:districtId/backfill/:backfillId"
          ],
          "fullName": "Districts API Integration Tests District-Level Data Endpoints DELETE /api/districts/:districtId/backfill/:backfillId should return 400 for invalid district ID format",
          "status": "passed",
          "title": "should return 400 for invalid district ID format",
          "duration": 4.216874999999959,
          "failureMessages": [],
          "meta": {}
        },
        {
          "ancestorTitles": [
            "Districts API Integration Tests",
            "District-Level Data Endpoints",
            "DELETE /api/districts/:districtId/backfill/:backfillId"
          ],
          "fullName": "Districts API Integration Tests District-Level Data Endpoints DELETE /api/districts/:districtId/backfill/:backfillId should return 404 for non-existent backfill job",
          "status": "passed",
          "title": "should return 404 for non-existent backfill job",
          "duration": 2.7298330000000988,
          "failureMessages": [],
          "meta": {}
        },
        {
          "ancestorTitles": [
            "Districts API Integration Tests",
            "Analytics Endpoints",
            "GET /api/districts/:districtId/analytics"
          ],
          "fullName": "Districts API Integration Tests Analytics Endpoints GET /api/districts/:districtId/analytics should return 400 for invalid district ID format",
          "status": "passed",
          "title": "should return 400 for invalid district ID format",
          "duration": 3.6566660000000866,
          "failureMessages": [],
          "meta": {}
        },
        {
          "ancestorTitles": [
            "Districts API Integration Tests",
            "Analytics Endpoints",
            "GET /api/districts/:districtId/analytics"
          ],
          "fullName": "Districts API Integration Tests Analytics Endpoints GET /api/districts/:districtId/analytics should return 400 for invalid startDate format",
          "status": "passed",
          "title": "should return 400 for invalid startDate format",
          "duration": 3.670665999999983,
          "failureMessages": [],
          "meta": {}
        },
        {
          "ancestorTitles": [
            "Districts API Integration Tests",
            "Analytics Endpoints",
            "GET /api/districts/:districtId/analytics"
          ],
          "fullName": "Districts API Integration Tests Analytics Endpoints GET /api/districts/:districtId/analytics should return 400 for invalid endDate format",
          "status": "passed",
          "title": "should return 400 for invalid endDate format",
          "duration": 10.108041999999955,
          "failureMessages": [],
          "meta": {}
        },
        {
          "ancestorTitles": [
            "Districts API Integration Tests",
            "Analytics Endpoints",
            "GET /api/districts/:districtId/analytics"
          ],
          "fullName": "Districts API Integration Tests Analytics Endpoints GET /api/districts/:districtId/analytics should return 400 when startDate is after endDate",
          "status": "passed",
          "title": "should return 400 when startDate is after endDate",
          "duration": 4.260915999999952,
          "failureMessages": [],
          "meta": {}
        },
        {
          "ancestorTitles": [
            "Districts API Integration Tests",
            "Analytics Endpoints",
            "GET /api/districts/:districtId/analytics"
          ],
          "fullName": "Districts API Integration Tests Analytics Endpoints GET /api/districts/:districtId/analytics should return 404 when no cached data exists",
          "status": "passed",
          "title": "should return 404 when no cached data exists",
          "duration": 3.2789999999999964,
          "failureMessages": [],
          "meta": {}
        },
        {
          "ancestorTitles": [
            "Districts API Integration Tests",
            "Analytics Endpoints",
            "GET /api/districts/:districtId/clubs/:clubId/trends"
          ],
          "fullName": "Districts API Integration Tests Analytics Endpoints GET /api/districts/:districtId/clubs/:clubId/trends should return 400 for invalid district ID format",
          "status": "passed",
          "title": "should return 400 for invalid district ID format",
          "duration": 4.298375000000078,
          "failureMessages": [],
          "meta": {}
        },
        {
          "ancestorTitles": [
            "Districts API Integration Tests",
            "Analytics Endpoints",
            "GET /api/districts/:districtId/clubs/:clubId/trends"
          ],
          "fullName": "Districts API Integration Tests Analytics Endpoints GET /api/districts/:districtId/clubs/:clubId/trends should return 400 for missing club ID",
          "status": "passed",
          "title": "should return 400 for missing club ID",
          "duration": 3.0037090000000717,
          "failureMessages": [],
          "meta": {}
        },
        {
          "ancestorTitles": [
            "Districts API Integration Tests",
            "Analytics Endpoints",
            "GET /api/districts/:districtId/clubs/:clubId/trends"
          ],
          "fullName": "Districts API Integration Tests Analytics Endpoints GET /api/districts/:districtId/clubs/:clubId/trends should return 404 when club not found",
          "status": "passed",
          "title": "should return 404 when club not found",
          "duration": 2.377749999999992,
          "failureMessages": [],
          "meta": {}
        },
        {
          "ancestorTitles": [
            "Districts API Integration Tests",
            "Analytics Endpoints",
            "GET /api/districts/:districtId/vulnerable-clubs"
          ],
          "fullName": "Districts API Integration Tests Analytics Endpoints GET /api/districts/:districtId/vulnerable-clubs should return 400 for invalid district ID format",
          "status": "passed",
          "title": "should return 400 for invalid district ID format",
          "duration": 2.9874580000000606,
          "failureMessages": [],
          "meta": {}
        },
        {
          "ancestorTitles": [
            "Districts API Integration Tests",
            "Analytics Endpoints",
            "GET /api/districts/:districtId/vulnerable-clubs"
          ],
          "fullName": "Districts API Integration Tests Analytics Endpoints GET /api/districts/:districtId/vulnerable-clubs should return empty array when no cached data exists",
          "status": "passed",
          "title": "should return empty array when no cached data exists",
          "duration": 3.614417000000003,
          "failureMessages": [],
          "meta": {}
        },
        {
          "ancestorTitles": [
            "Districts API Integration Tests",
            "Analytics Endpoints",
            "GET /api/districts/:districtId/leadership-insights"
          ],
          "fullName": "Districts API Integration Tests Analytics Endpoints GET /api/districts/:districtId/leadership-insights should return 400 for invalid district ID format",
          "status": "passed",
          "title": "should return 400 for invalid district ID format",
          "duration": 2.8074159999999893,
          "failureMessages": [],
          "meta": {}
        },
        {
          "ancestorTitles": [
            "Districts API Integration Tests",
            "Analytics Endpoints",
            "GET /api/districts/:districtId/leadership-insights"
          ],
          "fullName": "Districts API Integration Tests Analytics Endpoints GET /api/districts/:districtId/leadership-insights should return 400 for invalid date format",
          "status": "passed",
          "title": "should return 400 for invalid date format",
          "duration": 3.0038749999999936,
          "failureMessages": [],
          "meta": {}
        },
        {
          "ancestorTitles": [
            "Districts API Integration Tests",
            "Analytics Endpoints",
            "GET /api/districts/:districtId/leadership-insights"
          ],
          "fullName": "Districts API Integration Tests Analytics Endpoints GET /api/districts/:districtId/leadership-insights should return 404 when no cached data exists",
          "status": "passed",
          "title": "should return 404 when no cached data exists",
          "duration": 3.00974999999994,
          "failureMessages": [],
          "meta": {}
        },
        {
          "ancestorTitles": [
            "Districts API Integration Tests",
            "Analytics Endpoints",
            "GET /api/districts/:districtId/distinguished-club-analytics"
          ],
          "fullName": "Districts API Integration Tests Analytics Endpoints GET /api/districts/:districtId/distinguished-club-analytics should return 400 for invalid district ID format",
          "status": "passed",
          "title": "should return 400 for invalid district ID format",
          "duration": 4.16762499999993,
          "failureMessages": [],
          "meta": {}
        },
        {
          "ancestorTitles": [
            "Districts API Integration Tests",
            "Analytics Endpoints",
            "GET /api/districts/:districtId/distinguished-club-analytics"
          ],
          "fullName": "Districts API Integration Tests Analytics Endpoints GET /api/districts/:districtId/distinguished-club-analytics should return 404 when no cached data exists",
          "status": "passed",
          "title": "should return 404 when no cached data exists",
          "duration": 2.91216600000007,
          "failureMessages": [],
          "meta": {}
        },
        {
          "ancestorTitles": [
            "Districts API Integration Tests",
            "Analytics Endpoints",
            "GET /api/districts/:districtId/year-over-year/:date"
          ],
          "fullName": "Districts API Integration Tests Analytics Endpoints GET /api/districts/:districtId/year-over-year/:date should return 400 for invalid district ID format",
          "status": "passed",
          "title": "should return 400 for invalid district ID format",
          "duration": 3.5969579999999723,
          "failureMessages": [],
          "meta": {}
        },
        {
          "ancestorTitles": [
            "Districts API Integration Tests",
            "Analytics Endpoints",
            "GET /api/districts/:districtId/year-over-year/:date"
          ],
          "fullName": "Districts API Integration Tests Analytics Endpoints GET /api/districts/:districtId/year-over-year/:date should return 400 for invalid date format",
          "status": "passed",
          "title": "should return 400 for invalid date format",
          "duration": 3.355291999999963,
          "failureMessages": [],
          "meta": {}
        },
        {
          "ancestorTitles": [
            "Districts API Integration Tests",
            "Analytics Endpoints",
            "GET /api/districts/:districtId/membership-analytics"
          ],
          "fullName": "Districts API Integration Tests Analytics Endpoints GET /api/districts/:districtId/membership-analytics should return 400 for invalid district ID format",
          "status": "passed",
          "title": "should return 400 for invalid district ID format",
          "duration": 3.7964170000000195,
          "failureMessages": [],
          "meta": {}
        },
        {
          "ancestorTitles": [
            "Districts API Integration Tests",
            "Analytics Endpoints",
            "GET /api/districts/:districtId/membership-analytics"
          ],
          "fullName": "Districts API Integration Tests Analytics Endpoints GET /api/districts/:districtId/membership-analytics should return 404 when no cached data exists",
          "status": "passed",
          "title": "should return 404 when no cached data exists",
          "duration": 2.9899169999999913,
          "failureMessages": [],
          "meta": {}
        },
        {
          "ancestorTitles": [
            "Districts API Integration Tests",
            "Rankings Endpoint",
            "GET /api/districts/rankings"
          ],
          "fullName": "Districts API Integration Tests Rankings Endpoint GET /api/districts/rankings should return 503 when no snapshot is available",
          "status": "passed",
          "title": "should return 503 when no snapshot is available",
          "duration": 3.4632080000000087,
          "failureMessages": [],
          "meta": {}
        },
        {
          "ancestorTitles": [
            "Districts API Integration Tests",
            "Rankings Endpoint",
            "GET /api/districts/rankings"
          ],
          "fullName": "Districts API Integration Tests Rankings Endpoint GET /api/districts/rankings should return 404 when no snapshot exists for requested date parameter",
          "status": "passed",
          "title": "should return 404 when no snapshot exists for requested date parameter",
          "duration": 3.538332999999966,
          "failureMessages": [],
          "meta": {}
        },
        {
          "ancestorTitles": [
            "Districts API Integration Tests",
            "Export Endpoints",
            "GET /api/districts/:districtId/export"
          ],
          "fullName": "Districts API Integration Tests Export Endpoints GET /api/districts/:districtId/export should return 400 for invalid district ID format",
          "status": "passed",
          "title": "should return 400 for invalid district ID format",
          "duration": 3.32487500000002,
          "failureMessages": [],
          "meta": {}
        },
        {
          "ancestorTitles": [
            "Districts API Integration Tests",
            "Export Endpoints",
            "GET /api/districts/:districtId/export"
          ],
          "fullName": "Districts API Integration Tests Export Endpoints GET /api/districts/:districtId/export should return 400 for missing format parameter",
          "status": "passed",
          "title": "should return 400 for missing format parameter",
          "duration": 2.626499999999851,
          "failureMessages": [],
          "meta": {}
        },
        {
          "ancestorTitles": [
            "Districts API Integration Tests",
            "Export Endpoints",
            "GET /api/districts/:districtId/export"
          ],
          "fullName": "Districts API Integration Tests Export Endpoints GET /api/districts/:districtId/export should return 400 for unsupported format",
          "status": "passed",
          "title": "should return 400 for unsupported format",
          "duration": 2.8652079999999387,
          "failureMessages": [],
          "meta": {}
        },
        {
          "ancestorTitles": [
            "Districts API Integration Tests",
            "Export Endpoints",
            "GET /api/districts/:districtId/export"
          ],
          "fullName": "Districts API Integration Tests Export Endpoints GET /api/districts/:districtId/export should return 400 for invalid date format",
          "status": "passed",
          "title": "should return 400 for invalid date format",
          "duration": 7.26825000000008,
          "failureMessages": [],
          "meta": {}
        },
        {
          "ancestorTitles": [
            "Districts API Integration Tests",
            "Export Endpoints",
            "GET /api/districts/:districtId/export"
          ],
          "fullName": "Districts API Integration Tests Export Endpoints GET /api/districts/:districtId/export should return 400 when startDate is after endDate",
          "status": "passed",
          "title": "should return 400 when startDate is after endDate",
          "duration": 4.774417000000085,
          "failureMessages": [],
          "meta": {}
        },
        {
          "ancestorTitles": [
            "Districts API Integration Tests",
            "Export Endpoints",
            "GET /api/districts/:districtId/export"
          ],
          "fullName": "Districts API Integration Tests Export Endpoints GET /api/districts/:districtId/export should return 404 when no cached data exists",
          "status": "passed",
          "title": "should return 404 when no cached data exists",
          "duration": 4.199124999999867,
          "failureMessages": [],
          "meta": {}
        }
      ],
      "startTime": 1772124278402,
      "endTime": 1772124278677.1992,
      "status": "passed",
      "message": "",
      "name": "/Users/rservant/code/toast-stats/backend/src/__tests__/districts.integration.test.ts"
    },
    {
      "assertionResults": [
        {
          "ancestorTitles": [
            "Feature: firestore-index-fix - Index Configuration Validation",
            "firestore.indexes.json"
          ],
          "fullName": "Feature: firestore-index-fix - Index Configuration Validation firestore.indexes.json should exist at the project root",
          "status": "passed",
          "title": "should exist at the project root",
          "duration": 0.5946250000000077,
          "failureMessages": [],
          "meta": {}
        },
        {
          "ancestorTitles": [
            "Feature: firestore-index-fix - Index Configuration Validation",
            "firestore.indexes.json"
          ],
          "fullName": "Feature: firestore-index-fix - Index Configuration Validation firestore.indexes.json should be valid JSON",
          "status": "passed",
          "title": "should be valid JSON",
          "duration": 0.880708999999996,
          "failureMessages": [],
          "meta": {}
        },
        {
          "ancestorTitles": [
            "Feature: firestore-index-fix - Index Configuration Validation",
            "firestore.indexes.json",
            "Firebase schema compliance"
          ],
          "fullName": "Feature: firestore-index-fix - Index Configuration Validation firestore.indexes.json Firebase schema compliance should have an indexes array",
          "status": "passed",
          "title": "should have an indexes array",
          "duration": 0.5175000000000125,
          "failureMessages": [],
          "meta": {}
        },
        {
          "ancestorTitles": [
            "Feature: firestore-index-fix - Index Configuration Validation",
            "firestore.indexes.json",
            "Firebase schema compliance"
          ],
          "fullName": "Feature: firestore-index-fix - Index Configuration Validation firestore.indexes.json Firebase schema compliance should have a fieldOverrides array",
          "status": "passed",
          "title": "should have a fieldOverrides array",
          "duration": 0.08133300000000077,
          "failureMessages": [],
          "meta": {}
        },
        {
          "ancestorTitles": [
            "Feature: firestore-index-fix - Index Configuration Validation",
            "firestore.indexes.json",
            "Firebase schema compliance"
          ],
          "fullName": "Feature: firestore-index-fix - Index Configuration Validation firestore.indexes.json Firebase schema compliance should have valid index structure for each index",
          "status": "passed",
          "title": "should have valid index structure for each index",
          "duration": 0.8865830000000017,
          "failureMessages": [],
          "meta": {}
        },
        {
          "ancestorTitles": [
            "Feature: firestore-index-fix - Index Configuration Validation",
            "firestore.indexes.json",
            "Required indexes (Requirements 1.1, 1.2)"
          ],
          "fullName": "Feature: firestore-index-fix - Index Configuration Validation firestore.indexes.json Required indexes (Requirements 1.1, 1.2) should define index for snapshots collection with __name__ descending (Requirement 1.1)",
          "status": "passed",
          "title": "should define index for snapshots collection with __name__ descending (Requirement 1.1)",
          "duration": 0.13187500000000796,
          "failureMessages": [],
          "meta": {}
        },
        {
          "ancestorTitles": [
            "Feature: firestore-index-fix - Index Configuration Validation",
            "firestore.indexes.json",
            "Required indexes (Requirements 1.1, 1.2)"
          ],
          "fullName": "Feature: firestore-index-fix - Index Configuration Validation firestore.indexes.json Required indexes (Requirements 1.1, 1.2) should define composite index for snapshots with metadata.status + __name__ descending (Requirement 1.2)",
          "status": "passed",
          "title": "should define composite index for snapshots with metadata.status + __name__ descending (Requirement 1.2)",
          "duration": 0.08420800000001805,
          "failureMessages": [],
          "meta": {}
        },
        {
          "ancestorTitles": [
            "Feature: firestore-index-fix - Index Configuration Validation",
            "firestore.indexes.json",
            "Required indexes (Requirements 1.1, 1.2)"
          ],
          "fullName": "Feature: firestore-index-fix - Index Configuration Validation firestore.indexes.json Required indexes (Requirements 1.1, 1.2) should have exactly 3 required composite indexes defined",
          "status": "passed",
          "title": "should have exactly 3 required composite indexes defined",
          "duration": 0.041666999999989685,
          "failureMessages": [],
          "meta": {}
        },
        {
          "ancestorTitles": [
            "Feature: firestore-index-fix - Index Configuration Validation",
            "firebase.json"
          ],
          "fullName": "Feature: firestore-index-fix - Index Configuration Validation firebase.json should exist at the project root",
          "status": "passed",
          "title": "should exist at the project root",
          "duration": 0.0589999999999975,
          "failureMessages": [],
          "meta": {}
        },
        {
          "ancestorTitles": [
            "Feature: firestore-index-fix - Index Configuration Validation",
            "firebase.json"
          ],
          "fullName": "Feature: firestore-index-fix - Index Configuration Validation firebase.json should be valid JSON",
          "status": "passed",
          "title": "should be valid JSON",
          "duration": 0.8498749999999973,
          "failureMessages": [],
          "meta": {}
        },
        {
          "ancestorTitles": [
            "Feature: firestore-index-fix - Index Configuration Validation",
            "firebase.json",
            "Firestore indexes reference (Requirement 1.6)"
          ],
          "fullName": "Feature: firestore-index-fix - Index Configuration Validation firebase.json Firestore indexes reference (Requirement 1.6) should have a firestore configuration section",
          "status": "passed",
          "title": "should have a firestore configuration section",
          "duration": 0.062040999999993574,
          "failureMessages": [],
          "meta": {}
        },
        {
          "ancestorTitles": [
            "Feature: firestore-index-fix - Index Configuration Validation",
            "firebase.json",
            "Firestore indexes reference (Requirement 1.6)"
          ],
          "fullName": "Feature: firestore-index-fix - Index Configuration Validation firebase.json Firestore indexes reference (Requirement 1.6) should reference firestore.indexes.json in the firestore configuration",
          "status": "passed",
          "title": "should reference firestore.indexes.json in the firestore configuration",
          "duration": 0.04320800000002123,
          "failureMessages": [],
          "meta": {}
        },
        {
          "ancestorTitles": [
            "Feature: firestore-index-fix - Index Configuration Validation",
            "firebase.json",
            "Firestore indexes reference (Requirement 1.6)"
          ],
          "fullName": "Feature: firestore-index-fix - Index Configuration Validation firebase.json Firestore indexes reference (Requirement 1.6) should reference an existing indexes file",
          "status": "passed",
          "title": "should reference an existing indexes file",
          "duration": 0.06312500000001364,
          "failureMessages": [],
          "meta": {}
        }
      ],
      "startTime": 1772124283827,
      "endTime": 1772124283832.0632,
      "status": "passed",
      "message": "",
      "name": "/Users/rservant/code/toast-stats/backend/src/__tests__/firestore-index-configuration.test.ts"
    },
    {
      "assertionResults": [
        {
          "ancestorTitles": [
            "Functionality Preservation",
            "Core district endpoints preserve response structure"
          ],
          "fullName": "Functionality Preservation Core district endpoints preserve response structure should return consistent structure for district ID \"ABC\"",
          "status": "passed",
          "title": "should return consistent structure for district ID \"ABC\"",
          "duration": 12.871624999999995,
          "failureMessages": [],
          "meta": {}
        },
        {
          "ancestorTitles": [
            "Functionality Preservation",
            "Core district endpoints preserve response structure"
          ],
          "fullName": "Functionality Preservation Core district endpoints preserve response structure should return consistent structure for district ID \"42\"",
          "status": "passed",
          "title": "should return consistent structure for district ID \"42\"",
          "duration": 7.502624999999966,
          "failureMessages": [],
          "meta": {}
        },
        {
          "ancestorTitles": [
            "Functionality Preservation",
            "Core district endpoints preserve response structure"
          ],
          "fullName": "Functionality Preservation Core district endpoints preserve response structure should return consistent structure for district ID \"X\"",
          "status": "passed",
          "title": "should return consistent structure for district ID \"X\"",
          "duration": 6.966374999999971,
          "failureMessages": [],
          "meta": {}
        },
        {
          "ancestorTitles": [
            "Functionality Preservation",
            "Core district endpoints preserve response structure"
          ],
          "fullName": "Functionality Preservation Core district endpoints preserve response structure should return consistent structure for district ID \"1\"",
          "status": "passed",
          "title": "should return consistent structure for district ID \"1\"",
          "duration": 6.1643340000000535,
          "failureMessages": [],
          "meta": {}
        },
        {
          "ancestorTitles": [
            "Functionality Preservation",
            "Core district endpoints preserve response structure"
          ],
          "fullName": "Functionality Preservation Core district endpoints preserve response structure should return consistent structure for district ID \"TOAST\"",
          "status": "passed",
          "title": "should return consistent structure for district ID \"TOAST\"",
          "duration": 2.8682919999999967,
          "failureMessages": [],
          "meta": {}
        },
        {
          "ancestorTitles": [
            "Functionality Preservation",
            "Analytics endpoints preserve response structure"
          ],
          "fullName": "Functionality Preservation Analytics endpoints preserve response structure should return consistent analytics structure for district ID \"ABC\"",
          "status": "passed",
          "title": "should return consistent analytics structure for district ID \"ABC\"",
          "duration": 14.932457999999997,
          "failureMessages": [],
          "meta": {}
        },
        {
          "ancestorTitles": [
            "Functionality Preservation",
            "Analytics endpoints preserve response structure"
          ],
          "fullName": "Functionality Preservation Analytics endpoints preserve response structure should return consistent analytics structure for district ID \"42\"",
          "status": "passed",
          "title": "should return consistent analytics structure for district ID \"42\"",
          "duration": 11.251291999999921,
          "failureMessages": [],
          "meta": {}
        },
        {
          "ancestorTitles": [
            "Functionality Preservation",
            "Analytics endpoints preserve response structure"
          ],
          "fullName": "Functionality Preservation Analytics endpoints preserve response structure should return consistent analytics structure for district ID \"X\"",
          "status": "passed",
          "title": "should return consistent analytics structure for district ID \"X\"",
          "duration": 13.645041000000106,
          "failureMessages": [],
          "meta": {}
        },
        {
          "ancestorTitles": [
            "Functionality Preservation",
            "Snapshot endpoints preserve response structure"
          ],
          "fullName": "Functionality Preservation Snapshot endpoints preserve response structure should return consistent cached-dates structure for district ID \"ABC\"",
          "status": "passed",
          "title": "should return consistent cached-dates structure for district ID \"ABC\"",
          "duration": 9.860041000000024,
          "failureMessages": [],
          "meta": {}
        },
        {
          "ancestorTitles": [
            "Functionality Preservation",
            "Snapshot endpoints preserve response structure"
          ],
          "fullName": "Functionality Preservation Snapshot endpoints preserve response structure should return consistent cached-dates structure for district ID \"42\"",
          "status": "passed",
          "title": "should return consistent cached-dates structure for district ID \"42\"",
          "duration": 9.591957999999977,
          "failureMessages": [],
          "meta": {}
        },
        {
          "ancestorTitles": [
            "Functionality Preservation",
            "Snapshot endpoints preserve response structure"
          ],
          "fullName": "Functionality Preservation Snapshot endpoints preserve response structure should return consistent cached-dates structure for district ID \"X\"",
          "status": "passed",
          "title": "should return consistent cached-dates structure for district ID \"X\"",
          "duration": 4.557125000000042,
          "failureMessages": [],
          "meta": {}
        },
        {
          "ancestorTitles": [
            "Functionality Preservation",
            "Error responses preserve consistent format"
          ],
          "fullName": "Functionality Preservation Error responses preserve consistent format should return INVALID_DISTRICT_ID for invalid input \"a!b\"",
          "status": "passed",
          "title": "should return INVALID_DISTRICT_ID for invalid input \"a!b\"",
          "duration": 3.631582999999978,
          "failureMessages": [],
          "meta": {}
        },
        {
          "ancestorTitles": [
            "Functionality Preservation",
            "Error responses preserve consistent format"
          ],
          "fullName": "Functionality Preservation Error responses preserve consistent format should return INVALID_DISTRICT_ID for invalid input \"test@\"",
          "status": "passed",
          "title": "should return INVALID_DISTRICT_ID for invalid input \"test@\"",
          "duration": 1.253541000000041,
          "failureMessages": [],
          "meta": {}
        },
        {
          "ancestorTitles": [
            "Functionality Preservation",
            "Error responses preserve consistent format"
          ],
          "fullName": "Functionality Preservation Error responses preserve consistent format should return INVALID_DISTRICT_ID for invalid input \"#$%\"",
          "status": "passed",
          "title": "should return INVALID_DISTRICT_ID for invalid input \"#$%\"",
          "duration": 1.1134170000000267,
          "failureMessages": [],
          "meta": {}
        },
        {
          "ancestorTitles": [
            "Functionality Preservation",
            "Error responses preserve consistent format"
          ],
          "fullName": "Functionality Preservation Error responses preserve consistent format should return INVALID_DISTRICT_ID for invalid input \"a b\"",
          "status": "passed",
          "title": "should return INVALID_DISTRICT_ID for invalid input \"a b\"",
          "duration": 1.2789590000000999,
          "failureMessages": [],
          "meta": {}
        },
        {
          "ancestorTitles": [
            "Functionality Preservation",
            "Rankings endpoint preserves response structure"
          ],
          "fullName": "Functionality Preservation Rankings endpoint preserves response structure should return consistent structure without date parameter",
          "status": "passed",
          "title": "should return consistent structure without date parameter",
          "duration": 1.7113749999999754,
          "failureMessages": [],
          "meta": {}
        },
        {
          "ancestorTitles": [
            "Functionality Preservation",
            "Rankings endpoint preserves response structure"
          ],
          "fullName": "Functionality Preservation Rankings endpoint preserves response structure should return consistent structure with date parameter \"2024-01-15\"",
          "status": "passed",
          "title": "should return consistent structure with date parameter \"2024-01-15\"",
          "duration": 4.450917000000004,
          "failureMessages": [],
          "meta": {}
        },
        {
          "ancestorTitles": [
            "Functionality Preservation",
            "Rankings endpoint preserves response structure"
          ],
          "fullName": "Functionality Preservation Rankings endpoint preserves response structure should return consistent structure with date parameter \"2023-06-28\"",
          "status": "passed",
          "title": "should return consistent structure with date parameter \"2023-06-28\"",
          "duration": 2.942083000000025,
          "failureMessages": [],
          "meta": {}
        },
        {
          "ancestorTitles": [
            "Functionality Preservation",
            "Rankings endpoint preserves response structure"
          ],
          "fullName": "Functionality Preservation Rankings endpoint preserves response structure should return consistent structure with date parameter \"2025-02-01\"",
          "status": "passed",
          "title": "should return consistent structure with date parameter \"2025-02-01\"",
          "duration": 4.114958999999999,
          "failureMessages": [],
          "meta": {}
        },
        {
          "ancestorTitles": [
            "Functionality Preservation",
            "Export endpoint preserves response structure"
          ],
          "fullName": "Functionality Preservation Export endpoint preserves response structure should return consistent structure for district \"ABC\" with format \"csv\"",
          "status": "passed",
          "title": "should return consistent structure for district \"ABC\" with format \"csv\"",
          "duration": 3.441832999999974,
          "failureMessages": [],
          "meta": {}
        },
        {
          "ancestorTitles": [
            "Functionality Preservation",
            "Export endpoint preserves response structure"
          ],
          "fullName": "Functionality Preservation Export endpoint preserves response structure should return consistent structure for district \"42\" with format \"json\"",
          "status": "passed",
          "title": "should return consistent structure for district \"42\" with format \"json\"",
          "duration": 2.190291000000002,
          "failureMessages": [],
          "meta": {}
        },
        {
          "ancestorTitles": [
            "Functionality Preservation",
            "Export endpoint preserves response structure"
          ],
          "fullName": "Functionality Preservation Export endpoint preserves response structure should return consistent structure for district \"X\" with format \"invalid\"",
          "status": "passed",
          "title": "should return consistent structure for district \"X\" with format \"invalid\"",
          "duration": 1.9190419999999904,
          "failureMessages": [],
          "meta": {}
        },
        {
          "ancestorTitles": [
            "Functionality Preservation",
            "Year-over-year endpoint preserves response structure"
          ],
          "fullName": "Functionality Preservation Year-over-year endpoint preserves response structure should return consistent structure for district \"ABC\" on date \"2024-01-15\"",
          "status": "passed",
          "title": "should return consistent structure for district \"ABC\" on date \"2024-01-15\"",
          "duration": 2.027417000000014,
          "failureMessages": [],
          "meta": {}
        },
        {
          "ancestorTitles": [
            "Functionality Preservation",
            "Year-over-year endpoint preserves response structure"
          ],
          "fullName": "Functionality Preservation Year-over-year endpoint preserves response structure should return consistent structure for district \"42\" on date \"2023-06-28\"",
          "status": "passed",
          "title": "should return consistent structure for district \"42\" on date \"2023-06-28\"",
          "duration": 3.185624999999959,
          "failureMessages": [],
          "meta": {}
        },
        {
          "ancestorTitles": [
            "Functionality Preservation",
            "Year-over-year endpoint preserves response structure"
          ],
          "fullName": "Functionality Preservation Year-over-year endpoint preserves response structure should return consistent structure for district \"X\" on date \"2025-02-01\"",
          "status": "passed",
          "title": "should return consistent structure for district \"X\" on date \"2025-02-01\"",
          "duration": 4.275459000000069,
          "failureMessages": [],
          "meta": {}
        }
      ],
      "startTime": 1772124281543,
      "endTime": 1772124281683.2754,
      "status": "passed",
      "message": "",
      "name": "/Users/rservant/code/toast-stats/backend/src/__tests__/functionality-preservation.test.ts"
    },
    {
      "assertionResults": [
        {
          "ancestorTitles": [
            "Memory Integration - Startup and Shutdown Sequence"
          ],
          "fullName": "Memory Integration - Startup and Shutdown Sequence should run heap validation before server starts listening",
          "status": "passed",
          "title": "should run heap validation before server starts listening",
          "duration": 32.37424999999999,
          "failureMessages": [],
          "meta": {}
        },
        {
          "ancestorTitles": [
            "Memory Integration - Startup and Shutdown Sequence"
          ],
          "fullName": "Memory Integration - Startup and Shutdown Sequence should start memory monitor after server initialization",
          "status": "passed",
          "title": "should start memory monitor after server initialization",
          "duration": 2.2367920000000083,
          "failureMessages": [],
          "meta": {}
        },
        {
          "ancestorTitles": [
            "Memory Integration - Startup and Shutdown Sequence"
          ],
          "fullName": "Memory Integration - Startup and Shutdown Sequence should stop memory monitor on SIGTERM before closing server",
          "status": "passed",
          "title": "should stop memory monitor on SIGTERM before closing server",
          "duration": 2.5779579999999953,
          "failureMessages": [],
          "meta": {}
        },
        {
          "ancestorTitles": [
            "Memory Integration - Startup and Shutdown Sequence"
          ],
          "fullName": "Memory Integration - Startup and Shutdown Sequence should stop memory monitor on SIGINT before closing server",
          "status": "passed",
          "title": "should stop memory monitor on SIGINT before closing server",
          "duration": 2.0752080000000035,
          "failureMessages": [],
          "meta": {}
        }
      ],
      "startTime": 1772124281851,
      "endTime": 1772124281890.0752,
      "status": "passed",
      "message": "",
      "name": "/Users/rservant/code/toast-stats/backend/src/__tests__/memory-integration.test.ts"
    },
    {
      "assertionResults": [
        {
          "ancestorTitles": [
            "Post-Deployment Integration Tests",
            "Frontend Hosting"
          ],
          "fullName": "Post-Deployment Integration Tests Frontend Hosting serves the SPA index.html at the root URL",
          "status": "skipped",
          "title": "serves the SPA index.html at the root URL",
          "failureMessages": [],
          "meta": {}
        },
        {
          "ancestorTitles": [
            "Post-Deployment Integration Tests",
            "Frontend Hosting"
          ],
          "fullName": "Post-Deployment Integration Tests Frontend Hosting serves static JS assets with immutable caching headers",
          "status": "skipped",
          "title": "serves static JS assets with immutable caching headers",
          "failureMessages": [],
          "meta": {}
        },
        {
          "ancestorTitles": [
            "Post-Deployment Integration Tests",
            "Frontend Hosting"
          ],
          "fullName": "Post-Deployment Integration Tests Frontend Hosting serves CSS assets with immutable caching headers",
          "status": "skipped",
          "title": "serves CSS assets with immutable caching headers",
          "failureMessages": [],
          "meta": {}
        },
        {
          "ancestorTitles": [
            "Post-Deployment Integration Tests",
            "Frontend Hosting"
          ],
          "fullName": "Post-Deployment Integration Tests Frontend Hosting returns SPA fallback for client-side routes",
          "status": "skipped",
          "title": "returns SPA fallback for client-side routes",
          "failureMessages": [],
          "meta": {}
        },
        {
          "ancestorTitles": [
            "Post-Deployment Integration Tests",
            "API Gateway: Core Endpoints"
          ],
          "fullName": "Post-Deployment Integration Tests API Gateway: Core Endpoints GET /api/districts returns a list of districts",
          "status": "skipped",
          "title": "GET /api/districts returns a list of districts",
          "failureMessages": [],
          "meta": {}
        },
        {
          "ancestorTitles": [
            "Post-Deployment Integration Tests",
            "API Gateway: Core Endpoints"
          ],
          "fullName": "Post-Deployment Integration Tests API Gateway: Core Endpoints GET /api/districts/rankings returns ranked districts",
          "status": "skipped",
          "title": "GET /api/districts/rankings returns ranked districts",
          "failureMessages": [],
          "meta": {}
        },
        {
          "ancestorTitles": [
            "Post-Deployment Integration Tests",
            "API Gateway: Core Endpoints"
          ],
          "fullName": "Post-Deployment Integration Tests API Gateway: Core Endpoints GET /api/districts/rankings supports date parameter",
          "status": "skipped",
          "title": "GET /api/districts/rankings supports date parameter",
          "failureMessages": [],
          "meta": {}
        },
        {
          "ancestorTitles": [
            "Post-Deployment Integration Tests",
            "API Gateway: Per-District Endpoints"
          ],
          "fullName": "Post-Deployment Integration Tests API Gateway: Per-District Endpoints GET /api/districts/:id/statistics returns district stats",
          "status": "skipped",
          "title": "GET /api/districts/:id/statistics returns district stats",
          "failureMessages": [],
          "meta": {}
        },
        {
          "ancestorTitles": [
            "Post-Deployment Integration Tests",
[...]
          "meta": {}
        },
        {
          "ancestorTitles": [
            "StorageProviderFactory",
            "Fail-Fast Behavior (Requirement 5.7)",
            "create with missing GCP config"
          ],
          "fullName": "StorageProviderFactory Fail-Fast Behavior (Requirement 5.7) create with missing GCP config should include clear error message about missing configuration",
          "status": "passed",
          "title": "should include clear error message about missing configuration",
          "duration": 0.27529199999992215,
          "failureMessages": [],
          "meta": {}
        },
        {
          "ancestorTitles": [
            "StorageProviderFactory",
            "Environment Variable Reading"
          ],
          "fullName": "StorageProviderFactory Environment Variable Reading should read STORAGE_PROVIDER environment variable (Requirement 5.1)",
          "status": "passed",
          "title": "should read STORAGE_PROVIDER environment variable (Requirement 5.1)",
          "duration": 0.19825000000003,
          "failureMessages": [],
          "meta": {}
        },
        {
          "ancestorTitles": [
            "StorageProviderFactory",
            "Environment Variable Reading"
          ],
          "fullName": "StorageProviderFactory Environment Variable Reading should read GCP_PROJECT_ID environment variable (Requirement 5.5)",
          "status": "passed",
          "title": "should read GCP_PROJECT_ID environment variable (Requirement 5.5)",
          "duration": 0.3407080000000633,
          "failureMessages": [],
          "meta": {}
        },
        {
          "ancestorTitles": [
            "StorageProviderFactory",
            "Environment Variable Reading"
          ],
          "fullName": "StorageProviderFactory Environment Variable Reading should read GCS_BUCKET_NAME environment variable (Requirement 5.6)",
          "status": "passed",
          "title": "should read GCS_BUCKET_NAME environment variable (Requirement 5.6)",
          "duration": 0.29158300000005966,
          "failureMessages": [],
          "meta": {}
        },
        {
          "ancestorTitles": [
            "StorageProviderFactory",
            "Environment Variable Reading"
          ],
          "fullName": "StorageProviderFactory Environment Variable Reading should read CACHE_DIR environment variable for local provider",
          "status": "passed",
          "title": "should read CACHE_DIR environment variable for local provider",
          "duration": 0.16833299999996143,
          "failureMessages": [],
          "meta": {}
        },
        {
          "ancestorTitles": [
            "StorageProviderFactory",
            "Environment Variable Reading"
          ],
          "fullName": "StorageProviderFactory Environment Variable Reading should read FIRESTORE_COLLECTION environment variable for GCP provider",
          "status": "passed",
          "title": "should read FIRESTORE_COLLECTION environment variable for GCP provider",
          "duration": 0.29329199999995126,
          "failureMessages": [],
          "meta": {}
        },
        {
          "ancestorTitles": [
            "StorageProviderFactory",
            "Environment Variable Reading"
          ],
          "fullName": "StorageProviderFactory Environment Variable Reading should trim whitespace from environment variable values",
          "status": "passed",
          "title": "should trim whitespace from environment variable values",
          "duration": 0.3310420000000249,
          "failureMessages": [],
          "meta": {}
        },
        {
          "ancestorTitles": [
            "StorageProviderFactory",
            "Return Type Verification"
          ],
          "fullName": "StorageProviderFactory Return Type Verification should return object with snapshotStorage, rawCSVStorage, districtConfigStorage, and timeSeriesIndexStorage properties",
          "status": "failed",
          "title": "should return object with snapshotStorage, rawCSVStorage, districtConfigStorage, and timeSeriesIndexStorage properties",
          "duration": 3.096875000000068,
          "failureMessages": [
            "AssertionError: expected { …(3) } to have property \"districtConfigStorage\"\n    at /Users/rservant/code/toast-stats/backend/src/services/storage/__tests__/StorageProviderFactory.test.ts:638:22\n    at file:///Users/rservant/code/toast-stats/node_modules/@vitest/runner/dist/index.js:145:11\n    at file:///Users/rservant/code/toast-stats/node_modules/@vitest/runner/dist/index.js:915:26\n    at file:///Users/rservant/code/toast-stats/node_modules/@vitest/runner/dist/index.js:1243:20\n    at new Promise (<anonymous>)\n    at runWithTimeout (file:///Users/rservant/code/toast-stats/node_modules/@vitest/runner/dist/index.js:1209:10)\n    at file:///Users/rservant/code/toast-stats/node_modules/@vitest/runner/dist/index.js:1653:37\n    at Traces.$ (file:///Users/rservant/code/toast-stats/node_modules/vitest/dist/chunks/traces.CCmnQaNT.js:142:27)\n    at trace (file:///Users/rservant/code/toast-stats/node_modules/vitest/dist/chunks/test.B8ej_ZHS.js:239:21)\n    at runTest (file:///Users/rservant/code/toast-stats/node_modules/@vitest/runner/dist/index.js:1653:12)"
          ],
          "meta": {}
        },
        {
          "ancestorTitles": [
            "StorageProviderFactory",
            "Return Type Verification"
          ],
          "fullName": "StorageProviderFactory Return Type Verification should return ISnapshotStorage-compatible snapshotStorage for local provider",
          "status": "passed",
          "title": "should return ISnapshotStorage-compatible snapshotStorage for local provider",
          "duration": 0.39120900000000347,
          "failureMessages": [],
          "meta": {}
        },
        {
          "ancestorTitles": [
            "StorageProviderFactory",
            "Return Type Verification"
          ],
          "fullName": "StorageProviderFactory Return Type Verification should return IRawCSVStorage-compatible rawCSVStorage for local provider",
          "status": "passed",
          "title": "should return IRawCSVStorage-compatible rawCSVStorage for local provider",
          "duration": 0.2015840000000253,
          "failureMessages": [],
          "meta": {}
        },
        {
          "ancestorTitles": [
            "StorageProviderFactory",
            "Return Type Verification"
          ],
          "fullName": "StorageProviderFactory Return Type Verification should return ISnapshotStorage-compatible snapshotStorage for GCP provider",
          "status": "passed",
          "title": "should return ISnapshotStorage-compatible snapshotStorage for GCP provider",
          "duration": 0.475791000000072,
          "failureMessages": [],
          "meta": {}
        },
        {
          "ancestorTitles": [
            "StorageProviderFactory",
            "Return Type Verification"
          ],
          "fullName": "StorageProviderFactory Return Type Verification should return IRawCSVStorage-compatible rawCSVStorage for GCP provider",
          "status": "passed",
          "title": "should return IRawCSVStorage-compatible rawCSVStorage for GCP provider",
          "duration": 0.4366250000000491,
          "failureMessages": [],
          "meta": {}
        },
        {
          "ancestorTitles": ["StorageProviderFactory", "Edge Cases"],
          "fullName": "StorageProviderFactory Edge Cases should handle mixed case provider values",
          "status": "passed",
          "title": "should handle mixed case provider values",
          "duration": 0.9373330000000806,
          "failureMessages": [],
          "meta": {}
        },
        {
          "ancestorTitles": ["StorageProviderFactory", "Edge Cases"],
          "fullName": "StorageProviderFactory Edge Cases should handle unknown provider values by defaulting to local",
          "status": "passed",
          "title": "should handle unknown provider values by defaulting to local",
          "duration": 1.0831660000000056,
          "failureMessages": [],
          "meta": {}
        }
      ],
      "startTime": 1772124275182,
      "endTime": 1772124275204.0833,
      "status": "failed",
      "message": "",
      "name": "/Users/rservant/code/toast-stats/backend/src/services/storage/__tests__/StorageProviderFactory.test.ts"
    },
    {
      "assertionResults": [
        {
          "ancestorTitles": [
            "CSV Content Round-Trip Property Tests",
            "LocalRawCSVStorage"
          ],
          "fullName": "CSV Content Round-Trip Property Tests LocalRawCSVStorage Property 2: setCachedCSV then getCachedCSV returns identical content",
          "status": "passed",
          "title": "Property 2: setCachedCSV then getCachedCSV returns identical content",
          "duration": 1375.805041,
          "failureMessages": [],
          "meta": {}
        },
        {
          "ancestorTitles": [
            "CSV Content Round-Trip Property Tests",
            "LocalRawCSVStorage"
          ],
          "fullName": "CSV Content Round-Trip Property Tests LocalRawCSVStorage Property 2a: District-specific CSV round-trip preserves content",
          "status": "passed",
          "title": "Property 2a: District-specific CSV round-trip preserves content",
          "duration": 1321.27725,
          "failureMessages": [],
          "meta": {}
        },
        {
          "ancestorTitles": [
            "CSV Content Round-Trip Property Tests",
            "LocalRawCSVStorage"
          ],
          "fullName": "CSV Content Round-Trip Property Tests LocalRawCSVStorage Property 2b: CSV with unicode characters round-trip preserves content",
          "status": "passed",
          "title": "Property 2b: CSV with unicode characters round-trip preserves content",
          "duration": 1709.17825,
          "failureMessages": [],
          "meta": {}
        },
        {
          "ancestorTitles": [
            "CSV Content Round-Trip Property Tests",
            "LocalRawCSVStorage"
          ],
          "fullName": "CSV Content Round-Trip Property Tests LocalRawCSVStorage Property 2c: Large CSV round-trip preserves content and length",
          "status": "passed",
          "title": "Property 2c: Large CSV round-trip preserves content and length",
          "duration": 916.2718340000001,
          "failureMessages": [],
          "meta": {}
        },
        {
          "ancestorTitles": [
            "CSV Content Round-Trip Property Tests",
            "LocalRawCSVStorage"
          ],
          "fullName": "CSV Content Round-Trip Property Tests LocalRawCSVStorage Property 2d: Multiple CSVs with different dates maintain isolation",
          "status": "passed",
          "title": "Property 2d: Multiple CSVs with different dates maintain isolation",
          "duration": 1397.7758330000006,
          "failureMessages": [],
          "meta": {}
        },
        {
          "ancestorTitles": [
            "CSV Content Round-Trip Property Tests",
            "GCSRawCSVStorage (emulator)"
          ],
          "fullName": "CSV Content Round-Trip Property Tests GCSRawCSVStorage (emulator) Property 2: CSV round-trip produces identical content (GCS)",
          "status": "skipped",
          "title": "Property 2: CSV round-trip produces identical content (GCS)",
          "failureMessages": [],
          "meta": {}
        }
      ],
      "startTime": 1772124274924,
      "endTime": 1772124281643.776,
      "status": "passed",
      "message": "",
      "name": "/Users/rservant/code/toast-stats/backend/src/services/storage/__tests__/csv-roundtrip.property.test.ts"
    },
    {
      "assertionResults": [
        {
          "ancestorTitles": [
            "Snapshot Ordering Property Tests",
            "LocalSnapshotStorage"
          ],
          "fullName": "Snapshot Ordering Property Tests LocalSnapshotStorage Property 3: getLatestSuccessful returns most recent successful snapshot",
          "status": "passed",
          "title": "Property 3: getLatestSuccessful returns most recent successful snapshot",
          "duration": 3554.3169580000003,
          "failureMessages": [],
          "meta": {}
        },
        {
          "ancestorTitles": [
            "Snapshot Ordering Property Tests",
            "LocalSnapshotStorage"
          ],
          "fullName": "Snapshot Ordering Property Tests LocalSnapshotStorage Property 3a: getLatestSuccessful returns null when no snapshots exist",
          "status": "passed",
          "title": "Property 3a: getLatestSuccessful returns null when no snapshots exist",
          "duration": 1.542917000000216,
          "failureMessages": [],
          "meta": {}
        },
        {
          "ancestorTitles": [
            "Snapshot Ordering Property Tests",
            "LocalSnapshotStorage"
          ],
          "fullName": "Snapshot Ordering Property Tests LocalSnapshotStorage Property 3b: getLatestSuccessful returns null when no successful snapshots exist",
          "status": "passed",
          "title": "Property 3b: getLatestSuccessful returns null when no successful snapshots exist",
          "duration": 2919.8945,
          "failureMessages": [],
          "meta": {}
        },
        {
          "ancestorTitles": [
            "Snapshot Ordering Property Tests",
            "LocalSnapshotStorage"
          ],
          "fullName": "Snapshot Ordering Property Tests LocalSnapshotStorage Property 3c: getLatestSuccessful returns most recent when all are successful",
          "status": "passed",
          "title": "Property 3c: getLatestSuccessful returns most recent when all are successful",
          "duration": 2518.1419590000005,
          "failureMessages": [],
          "meta": {}
        },
        {
          "ancestorTitles": [
            "Snapshot Ordering Property Tests",
            "LocalSnapshotStorage"
          ],
          "fullName": "Snapshot Ordering Property Tests LocalSnapshotStorage Property 3d: getLatestSuccessful is stable across multiple calls",
          "status": "passed",
          "title": "Property 3d: getLatestSuccessful is stable across multiple calls",
          "duration": 564.244917,
          "failureMessages": [],
          "meta": {}
        },
        {
          "ancestorTitles": [
            "Snapshot Ordering Property Tests",
            "LocalSnapshotStorage"
          ],
          "fullName": "Snapshot Ordering Property Tests LocalSnapshotStorage Property 3e: getLatestSuccessful always returns a snapshot with success status",
          "status": "passed",
          "title": "Property 3e: getLatestSuccessful always returns a snapshot with success status",
          "duration": 886.7319580000003,
          "failureMessages": [],
          "meta": {}
        },
        {
          "ancestorTitles": [
            "Snapshot Ordering Property Tests",
            "LocalSnapshotStorage"
          ],
          "fullName": "Snapshot Ordering Property Tests LocalSnapshotStorage Property 3f: getLatestSuccessful date is >= all other successful dates",
          "status": "passed",
          "title": "Property 3f: getLatestSuccessful date is >= all other successful dates",
          "duration": 1023.9713329999995,
          "failureMessages": [],
          "meta": {}
        }
      ],
      "startTime": 1772124274954,
      "endTime": 1772124286422.9714,
      "status": "passed",
      "message": "",
      "name": "/Users/rservant/code/toast-stats/backend/src/services/storage/__tests__/snapshot-ordering.property.test.ts"
    },
    {
      "assertionResults": [
        {
          "ancestorTitles": ["Storage Provider Selection"],
          "fullName": "Storage Provider Selection should use LocalSnapshotStorage when STORAGE_PROVIDER=local",
          "status": "passed",
          "title": "should use LocalSnapshotStorage when STORAGE_PROVIDER=local",
          "duration": 4.245959000000028,
          "failureMessages": [],
          "meta": {}
        },
        {
          "ancestorTitles": ["Storage Provider Selection"],
          "fullName": "Storage Provider Selection should use LocalSnapshotStorage for case variations of \"local\"",
          "status": "passed",
          "title": "should use LocalSnapshotStorage for case variations of \"local\"",
          "duration": 0.8159580000000233,
          "failureMessages": [],
          "meta": {}
        },
        {
          "ancestorTitles": ["Storage Provider Selection"],
          "fullName": "Storage Provider Selection should use GCSSnapshotStorage when STORAGE_PROVIDER=gcp",
          "status": "passed",
          "title": "should use GCSSnapshotStorage when STORAGE_PROVIDER=gcp",
          "duration": 1.5211249999999836,
          "failureMessages": [],
          "meta": {}
        },
        {
          "ancestorTitles": ["Storage Provider Selection"],
          "fullName": "Storage Provider Selection should use GCSSnapshotStorage for case variations of \"gcp\"",
          "status": "passed",
          "title": "should use GCSSnapshotStorage for case variations of \"gcp\"",
          "duration": 0.8554169999999885,
          "failureMessages": [],
          "meta": {}
        },
        {
          "ancestorTitles": ["Storage Provider Selection"],
          "fullName": "Storage Provider Selection should default to LocalSnapshotStorage when STORAGE_PROVIDER is unset",
          "status": "passed",
          "title": "should default to LocalSnapshotStorage when STORAGE_PROVIDER is unset",
          "duration": 0.2552079999999819,
          "failureMessages": [],
          "meta": {}
        },
        {
          "ancestorTitles": ["Storage Provider Selection"],
          "fullName": "Storage Provider Selection should default to LocalSnapshotStorage when STORAGE_PROVIDER is empty",
          "status": "passed",
          "title": "should default to LocalSnapshotStorage when STORAGE_PROVIDER is empty",
          "duration": 0.18387500000000045,
          "failureMessages": [],
          "meta": {}
        },
        {
          "ancestorTitles": ["Storage Provider Selection"],
          "fullName": "Storage Provider Selection should default to LocalSnapshotStorage when STORAGE_PROVIDER is whitespace",
          "status": "passed",
          "title": "should default to LocalSnapshotStorage when STORAGE_PROVIDER is whitespace",
          "duration": 0.17458299999998417,
          "failureMessages": [],
          "meta": {}
        },
        {
          "ancestorTitles": ["Storage Provider Selection"],
          "fullName": "Storage Provider Selection should default to LocalSnapshotStorage for invalid provider values",
          "status": "passed",
          "title": "should default to LocalSnapshotStorage for invalid provider values",
          "duration": 0.5276670000000081,
          "failureMessages": [],
          "meta": {}
        },
        {
          "ancestorTitles": ["Storage Provider Selection"],
          "fullName": "Storage Provider Selection should be deterministic across multiple calls",
          "status": "passed",
          "title": "should be deterministic across multiple calls",
          "duration": 0.18412499999999454,
          "failureMessages": [],
          "meta": {}
        },
        {
          "ancestorTitles": ["Storage Provider Selection"],
          "fullName": "Storage Provider Selection should pass GCP config to GCS constructors",
          "status": "passed",
          "title": "should pass GCP config to GCS constructors",
          "duration": 0.33841599999999517,
          "failureMessages": [],
          "meta": {}
        }
      ],
      "startTime": 1772124283425,
      "endTime": 1772124283434.5276,
      "status": "passed",
      "message": "",
      "name": "/Users/rservant/code/toast-stats/backend/src/services/storage/__tests__/storage-provider-selection.test.ts"
    }
  ]
}
